<?xml version="1.0" encoding="UTF-8"?>
<!-- Generated by org.testng.reporters.JUnitXMLReporter -->
<testsuite hostname="Lenovo-PC" ignored="0" name="Flight booking of user " tests="5" failures="0" timestamp="25 Mar 2017 09:59:12 GMT" time="50.342" errors="0">
  <testcase name="Flightsearch1" time="18.683" classname="testCases.Flightbooking"/>
  <testcase name="Flightsearch2" time="2.784" classname="testCases.Flightbooking"/>
  <testcase name="Flightsearch3" time="0.526" classname="testCases.Flightbooking"/>
  <testcase name="Flightsearch4" time="5.935" classname="testCases.Flightbooking"/>
  <testcase name="Flightsearch5" time="16.601" classname="testCases.Flightbooking"/>
</testsuite> <!-- Flight booking of user  -->
