<?xml version="1.0" encoding="UTF-8"?>
<!-- Generated by org.testng.reporters.JUnitXMLReporter -->
<testsuite hostname="Lenovo-PC" ignored="0" name="Registration of user " tests="3" failures="0" timestamp="25 Mar 2017 09:58:22 GMT" time="27.173" errors="0">
  <testcase name="registration" time="15.776" classname="testCases.Register"/>
  <testcase name="credentialvalidation" time="5.682" classname="testCases.Register"/>
  <testcase name="checkuseridafterregistration" time="0.143" classname="testCases.Register"/>
</testsuite> <!-- Registration of user  -->
