<?xml version="1.0" encoding="UTF-8"?>
<!-- Generated by org.testng.reporters.JUnitXMLReporter -->
<testsuite hostname="Lenovo-PC" ignored="0" name="Validation of Home Page " tests="3" failures="0" timestamp="25 Mar 2017 09:57:55 GMT" time="36.381" errors="0">
  <testcase name="test1" time="0.013" classname="testCases.loginclass"/>
  <testcase name="readproperties" time="0.016" classname="testCases.loginclass"/>
  <testcase name="opensite" time="11.507" classname="testCases.loginclass"/>
</testsuite> <!-- Validation of Home Page  -->
